<?xml version="1.0" encoding="UTF-8"?>
<!-- Generated by org.testng.reporters.JUnitXMLReporter -->
<testsuite hostname="Prasanna" name="Test" tests="3" failures="0" timestamp="31 Mar 2019 06:35:56 GMT" time="91.275" errors="0">
  <testcase name="testInvalidLogin" time="3.46" classname="script.InvalidLogin"/>
  <testcase name="testValidLoginLogout" time="13.456" classname="script.ValidLoginLogout"/>
  <testcase name="testVerifyVersion" time="25.762" classname="script.VerifyVersion"/>
</testsuite> <!-- Test -->
