<?xml version="1.0" encoding="UTF-8"?>
<!-- Generated by org.testng.reporters.JUnitXMLReporter -->
<testsuite hostname="Prasanna" ignored="0" name="Test" tests="3" failures="1" timestamp="05 Apr 2019 07:45:32 GMT" time="120.211" errors="0">
  <testcase name="testInvalidLogin" time="10.361" classname="script.InvalidLogin"/>
  <testcase name="testValidLoginLogout" time="14.493" classname="script.ValidLoginLogout"/>
  <testcase name="testVerifyVersion" time="16.14" classname="script.VerifyVersion">
    <failure type="java.lang.AssertionError" message="expected [Version: Orangehrm OS 4.3] but found [Version: Orangehrm OS 4.2]">
      <![CDATA[java.lang.AssertionError: expected [Version: Orangehrm OS 4.3] but found [Version: Orangehrm OS 4.2]
at pom.HomePage.orangeVersion(HomePage.java:56)
at script.VerifyVersion.testVerifyVersion(VerifyVersion.java:33)
... Removed 35 stack frames]]>
    </failure>
  </testcase> <!-- testVerifyVersion -->
</testsuite> <!-- Test -->
