-------------------------------------------------------------------------------
Test set: TestSuite
-------------------------------------------------------------------------------
Tests run: 3, Failures: 1, Errors: 0, Skipped: 0, Time elapsed: 121.073 s <<< FAILURE! - in TestSuite
testVerifyVersion(script.VerifyVersion)  Time elapsed: 16.15 s  <<< FAILURE!
java.lang.AssertionError: expected [Version: Orangehrm OS 4.3] but found [Version: Orangehrm OS 4.2]
	at script.VerifyVersion.testVerifyVersion(VerifyVersion.java:33)

