<?xml version="1.0" encoding="UTF-8"?>
<testng-results skipped="0" failed="0" total="3" passed="3">
  <reporter-output>
    <line>
      <![CDATA[element IS PRESENT]]>
    </line>
    <line>
      <![CDATA[title IS VERIFIED]]>
    </line>
    <line>
      <![CDATA[title IS VERIFIED]]>
    </line>
    <line>
      <![CDATA[title IS VERIFIED]]>
    </line>
    <line>
      <![CDATA[Version matching]]>
    </line>
    <line>
      <![CDATA[title IS VERIFIED]]>
    </line>
  </reporter-output>
  <suite name="Suite" duration-ms="91275" started-at="2019-03-31T06:34:25Z" finished-at="2019-03-31T06:35:56Z">
    <groups>
    </groups>
    <test name="Test" duration-ms="91275" started-at="2019-03-31T06:34:25Z" finished-at="2019-03-31T06:35:56Z">
      <class name="script.ValidLoginLogout">
        <test-method status="PASS" signature="openApp()[pri:0, instance:script.ValidLoginLogout@62ee68d8]" name="openApp" is-config="true" duration-ms="13386" started-at="2019-03-31T12:04:45Z" finished-at="2019-03-31T12:04:58Z">
          <reporter-output>
          </reporter-output>
        </test-method> <!-- openApp -->
        <test-method status="PASS" signature="testValidLoginLogout()[pri:0, instance:script.ValidLoginLogout@62ee68d8]" name="testValidLoginLogout" duration-ms="13456" started-at="2019-03-31T12:04:58Z" finished-at="2019-03-31T12:05:11Z">
          <reporter-output>
            <line>
              <![CDATA[title IS VERIFIED]]>
            </line>
            <line>
              <![CDATA[title IS VERIFIED]]>
            </line>
          </reporter-output>
        </test-method> <!-- testValidLoginLogout -->
        <test-method status="PASS" signature="closeApp()[pri:0, instance:script.ValidLoginLogout@62ee68d8]" name="closeApp" is-config="true" duration-ms="2768" started-at="2019-03-31T12:05:11Z" finished-at="2019-03-31T12:05:14Z">
          <reporter-output>
          </reporter-output>
        </test-method> <!-- closeApp -->
      </class> <!-- script.ValidLoginLogout -->
      <class name="script.InvalidLogin">
        <test-method status="PASS" signature="openApp()[pri:0, instance:script.InvalidLogin@9629756]" name="openApp" is-config="true" duration-ms="13021" started-at="2019-03-31T12:04:25Z" finished-at="2019-03-31T12:04:38Z">
          <reporter-output>
          </reporter-output>
        </test-method> <!-- openApp -->
        <test-method status="PASS" signature="testInvalidLogin()[pri:0, instance:script.InvalidLogin@9629756]" name="testInvalidLogin" duration-ms="3460" started-at="2019-03-31T12:04:38Z" finished-at="2019-03-31T12:04:41Z">
          <reporter-output>
            <line>
              <![CDATA[element IS PRESENT]]>
            </line>
          </reporter-output>
        </test-method> <!-- testInvalidLogin -->
        <test-method status="PASS" signature="closeApp()[pri:0, instance:script.InvalidLogin@9629756]" name="closeApp" is-config="true" duration-ms="3184" started-at="2019-03-31T12:04:41Z" finished-at="2019-03-31T12:04:45Z">
          <reporter-output>
          </reporter-output>
        </test-method> <!-- closeApp -->
      </class> <!-- script.InvalidLogin -->
      <class name="script.VerifyVersion">
        <test-method status="PASS" signature="openApp()[pri:0, instance:script.VerifyVersion@735b5592]" name="openApp" is-config="true" duration-ms="13497" started-at="2019-03-31T12:05:14Z" finished-at="2019-03-31T12:05:28Z">
          <reporter-output>
          </reporter-output>
        </test-method> <!-- openApp -->
        <test-method status="PASS" signature="testVerifyVersion()[pri:0, instance:script.VerifyVersion@735b5592]" name="testVerifyVersion" duration-ms="25762" started-at="2019-03-31T12:05:28Z" finished-at="2019-03-31T12:05:53Z">
          <reporter-output>
            <line>
              <![CDATA[title IS VERIFIED]]>
            </line>
            <line>
              <![CDATA[Version matching]]>
            </line>
            <line>
              <![CDATA[title IS VERIFIED]]>
            </line>
          </reporter-output>
        </test-method> <!-- testVerifyVersion -->
        <test-method status="PASS" signature="closeApp()[pri:0, instance:script.VerifyVersion@735b5592]" name="closeApp" is-config="true" duration-ms="2668" started-at="2019-03-31T12:05:53Z" finished-at="2019-03-31T12:05:56Z">
          <reporter-output>
          </reporter-output>
        </test-method> <!-- closeApp -->
      </class> <!-- script.VerifyVersion -->
    </test> <!-- Test -->
  </suite> <!-- Suite -->
</testng-results>
